<?xml version="1.0" encoding="UTF-8"?>
<!-- Generated by org.testng.reporters.JUnitReportReporter -->
<testsuite hostname="DESKTOP-NPA13JS" failures="0" tests="3" name="MyPackage.Day2" time="0.005" errors="0" timestamp="2025-08-01T20:51:17 GMT-05:00" skipped="0">
  <testcase classname="MyPackage.Day2" name="demo" time="0.003"/>
  <testcase classname="MyPackage.Day2" name="demo" time="0.001"/>
  <testcase classname="MyPackage.Day2" name="demo" time="0.001"/>
</testsuite> <!-- MyPackage.Day2 -->
