<?xml version="1.0" encoding="UTF-8"?>
<!-- Generated by org.testng.reporters.JUnitReportReporter -->
<testsuite hostname="DESKTOP-NPA13JS" failures="0" tests="5" name="MyPackage.Day4" time="0.008" errors="0" timestamp="2025-08-01T20:52:02 GMT-05:00" skipped="0">
  <testcase classname="MyPackage.Day4" name="webloginhomeLoan" time="0.002"/>
  <testcase classname="MyPackage.Day4" name="APIloginhomeLoan" time="0.001"/>
  <testcase classname="MyPackage.Day4" name="mobilesignINhomeLoan" time="0.002"/>
  <testcase classname="MyPackage.Day4" name="mobilesignOUThomeLoan" time="0.001"/>
  <testcase classname="MyPackage.Day4" name="mobileloginhomeLoan" time="0.002"/>
</testsuite> <!-- MyPackage.Day4 -->
