<?xml version="1.0" encoding="UTF-8"?>
<!-- Generated by org.testng.reporters.JUnitReportReporter -->
<testsuite hostname="DESKTOP-NPA13JS" failures="0" tests="1" name="opsConcepts.Parent" time="0.002" errors="0" timestamp="2025-08-05T11:34:00 GMT-05:00" skipped="0">
  <testcase classname="opsConcepts.Parent" name="demo" time="0.002"/>
</testsuite> <!-- opsConcepts.Parent -->
