<?xml version="1.0" encoding="UTF-8"?>
<!-- Generated by org.testng.reporters.JUnitReportReporter -->
<testsuite hostname="DESKTOP-NPA13JS" failures="0" tests="2" name="opsConcepts.Child" time="0.010" errors="0" timestamp="2025-08-05T11:34:00 GMT-05:00" skipped="0">
  <testcase classname="opsConcepts.Child" name="demo" time="0.002"/>
  <testcase classname="opsConcepts.Child" name="meth" time="0.008"/>
</testsuite> <!-- opsConcepts.Child -->
