<?xml version="1.0" encoding="UTF-8"?>
<!-- Generated by org.testng.reporters.JUnitReportReporter -->
<testsuite hostname="DESKTOP-NPA13JS" failures="0" tests="3" name="MyPackage.Day3" time="0.004" errors="0" timestamp="2025-08-01T20:51:17 GMT-05:00" skipped="0">
  <testcase classname="MyPackage.Day3" name="APIlogincarLoan" time="0.002"/>
  <testcase classname="MyPackage.Day3" name="weblogincarLoan" time="0.001"/>
  <testcase classname="MyPackage.Day3" name="mobilelogincarLoan" time="0.001"/>
</testsuite> <!-- MyPackage.Day3 -->
