<?xml version="1.0" encoding="UTF-8"?>
<!-- Generated by org.testng.reporters.JUnitReportReporter -->
<testsuite hostname="DESKTOP-NPA13JS" failures="0" tests="1" name="MyPackage.Sample" time="0.011" errors="0" timestamp="2025-08-01T10:56:33 GMT-05:00" skipped="0">
  <testcase classname="MyPackage.Sample" name="demo" time="0.011"/>
</testsuite> <!-- MyPackage.Sample -->
